<?xml version="1.0" encoding="UTF-8"?>
<!-- Generated by org.testng.reporters.JUnitReportReporter -->
<testsuite skipped="0" hostname="ws-lv-cp1904" name="com.ei.testCases.DummyTest" tests="1" failures="0" timestamp="12 серп. 2019 21:06:32 GMT" time="7.253" errors="0">
  <testcase name="dummyTest" time="7.253" classname="com.ei.testCases.DummyTest"/>
</testsuite> <!-- com.ei.testCases.DummyTest -->
