<?xml version="1.0" encoding="UTF-8"?>
<!-- Generated by org.testng.reporters.JUnitReportReporter -->
<testsuite skipped="0" hostname="ws-lv-cp1904" name="com.ei.test_cases.filter.FiltersOnAlarmRulesPage" tests="2" failures="2" timestamp="04 жовт. 2019 14:27:52 GMT" time="36.120" errors="0">
  <testcase name="numericFiltersTest" time="8.734" classname="com.ei.test_cases.filter.FiltersOnAlarmRulesPage">
    <failure type="java.lang.AssertionError" message="The following asserts failed:
	expected [true] but found [false],
	expected [true] but found [false],
	imap_client.exe (10232) doesn`t match file.exe (10232) expected [true] but found [false],
	imap_client.exe (10232) doesn`t match file.exe (10232) expected [true] but found [false],
	imap_client.exe (10232) doesn`t match file.exe (10232) expected [true] but found [false],
	imap_client.exe (10232) doesn`t match file.exe (10232) expected [true] but found [false],
	imap_client.exe (10232) doesn`t match file.exe (10232) expected [true] but found [false],
	imap_client.exe (10232) doesn`t match file.exe (10232) expected [true] but found [false],
	imap_client.exe (10232) doesn`t match file.exe (10232) expected [true] but found [false],
	imap_client.exe (10232) doesn`t match file.exe (10232) expected [true] but found [false],
	imap_client.exe (10232) doesn`t match file.exe (10232) expected [true] but found [false],
	imap_client.exe (10232) doesn`t match registry.exe (10232) expected [true] but found [false],
	imap_client.exe (10232) doesn`t match registry.exe (10232) expected [true] but found [false],
	imap_client.exe (10232) doesn`t match file.exe (10232) expected [true] but found [false],
	imap_client.exe (10232) doesn`t match file.exe (10232) expected [true] but found [false],
	imap_client.exe (10232) doesn`t match file.exe (10232) expected [true] but found [false],
	imap_client.exe (10232) doesn`t match file.exe (10232) expected [true] but found [false],
	imap_client.exe (10232) doesn`t match registry.exe (10232) expected [true] but found [false],
	imap_client.exe (10232) doesn`t match registry.exe (10232) expected [true] but found [false],
	imap_client.exe (10232) doesn`t match file.exe (10232) expected [true] but found [false],
	imap_client.exe (10232) doesn`t match file.exe (10232) expected [true] but found [false],
	imap_client.exe (10232) doesn`t match file.exe (10232) expected [true] but found [false],
	imap_client.exe (10232) doesn`t match file.exe (10232) expected [true] but found [false],
	imap_client.exe (10232) doesn`t match file.exe (10232) expected [true] but found [false],
	imap_client.exe (10232) doesn`t match file.exe (10232) expected [true] but found [false],
	imap_client.exe (10232) doesn`t match registry.exe (10232) expected [true] but found [false],
	imap_client.exe (10232) doesn`t match registry.exe (10232) expected [true] but found [false],
	imap_client.exe (10232) doesn`t match registry.exe (10232) expected [true] but found [false],
	PROCESS_NAME set to imap_client.exe (1944). 0 records returned, had to be at least 1 record expected [true] but found [false],
	PARENT_PROCESS_NAME set to Unknown. 0 records returned, had to be at least 1 record expected [true] but found [false],
	COMMAND_LINE set to files\http_request.exe http://allnod.com. 0 records returned, had to be at least 1 record expected [true] but found [false],
	USERNAME set to wserv2016ei\administrator. 0 records returned, had to be at least 1 record expected [true] but found [false],
	FULL_NAME set to Unknown. 0 records returned, had to be at least 1 record expected [true] but found [false],
	JOB_POSITION set to Unknown. 0 records returned, had to be at least 1 record expected [true] but found [false],
	USER_DEPARTMENT set to Unknown. 0 records returned, had to be at least 1 record expected [true] but found [false]">
      <![CDATA[java.lang.AssertionError: The following asserts failed:
expected [true] but found [false],
expected [true] but found [false],
imap_client.exe (10232) doesn`t match file.exe (10232) expected [true] but found [false],
imap_client.exe (10232) doesn`t match file.exe (10232) expected [true] but found [false],
imap_client.exe (10232) doesn`t match file.exe (10232) expected [true] but found [false],
imap_client.exe (10232) doesn`t match file.exe (10232) expected [true] but found [false],
imap_client.exe (10232) doesn`t match file.exe (10232) expected [true] but found [false],
imap_client.exe (10232) doesn`t match file.exe (10232) expected [true] but found [false],
imap_client.exe (10232) doesn`t match file.exe (10232) expected [true] but found [false],
imap_client.exe (10232) doesn`t match file.exe (10232) expected [true] but found [false],
imap_client.exe (10232) doesn`t match file.exe (10232) expected [true] but found [false],
imap_client.exe (10232) doesn`t match registry.exe (10232) expected [true] but found [false],
imap_client.exe (10232) doesn`t match registry.exe (10232) expected [true] but found [false],
imap_client.exe (10232) doesn`t match file.exe (10232) expected [true] but found [false],
imap_client.exe (10232) doesn`t match file.exe (10232) expected [true] but found [false],
imap_client.exe (10232) doesn`t match file.exe (10232) expected [true] but found [false],
imap_client.exe (10232) doesn`t match file.exe (10232) expected [true] but found [false],
imap_client.exe (10232) doesn`t match registry.exe (10232) expected [true] but found [false],
imap_client.exe (10232) doesn`t match registry.exe (10232) expected [true] but found [false],
imap_client.exe (10232) doesn`t match file.exe (10232) expected [true] but found [false],
imap_client.exe (10232) doesn`t match file.exe (10232) expected [true] but found [false],
imap_client.exe (10232) doesn`t match file.exe (10232) expected [true] but found [false],
imap_client.exe (10232) doesn`t match file.exe (10232) expected [true] but found [false],
imap_client.exe (10232) doesn`t match file.exe (10232) expected [true] but found [false],
imap_client.exe (10232) doesn`t match file.exe (10232) expected [true] but found [false],
imap_client.exe (10232) doesn`t match registry.exe (10232) expected [true] but found [false],
imap_client.exe (10232) doesn`t match registry.exe (10232) expected [true] but found [false],
imap_client.exe (10232) doesn`t match registry.exe (10232) expected [true] but found [false],
PROCESS_NAME set to imap_client.exe (1944). 0 records returned, had to be at least 1 record expected [true] but found [false],
PARENT_PROCESS_NAME set to Unknown. 0 records returned, had to be at least 1 record expected [true] but found [false],
COMMAND_LINE set to files\http_request.exe http://allnod.com. 0 records returned, had to be at least 1 record expected [true] but found [false],
USERNAME set to wserv2016ei\administrator. 0 records returned, had to be at least 1 record expected [true] but found [false],
FULL_NAME set to Unknown. 0 records returned, had to be at least 1 record expected [true] but found [false],
JOB_POSITION set to Unknown. 0 records returned, had to be at least 1 record expected [true] but found [false],
USER_DEPARTMENT set to Unknown. 0 records returned, had to be at least 1 record expected [true] but found [false]
at com.ei.util.EISoftAssert.assertAll(EISoftAssert.java:52)
at com.ei.test_cases.filter.FiltersOnAlarmRulesPage.numericFiltersTest(FiltersOnAlarmRulesPage.java:53)
at sun.reflect.NativeMethodAccessorImpl.invoke0(Native Method)
at sun.reflect.NativeMethodAccessorImpl.invoke(NativeMethodAccessorImpl.java:62)
at sun.reflect.DelegatingMethodAccessorImpl.invoke(DelegatingMethodAccessorImpl.java:43)
at java.lang.reflect.Method.invoke(Method.java:498)
at org.testng.internal.MethodInvocationHelper.invokeMethod(MethodInvocationHelper.java:124)
at org.testng.internal.Invoker.invokeMethod(Invoker.java:583)
at org.testng.internal.Invoker.invokeTestMethod(Invoker.java:719)
at org.testng.internal.Invoker.invokeTestMethods(Invoker.java:989)
at org.testng.internal.TestMethodWorker.invokeTestMethods(TestMethodWorker.java:125)
at org.testng.internal.TestMethodWorker.run(TestMethodWorker.java:109)
at org.testng.TestRunner.privateRun(TestRunner.java:648)
at org.testng.TestRunner.run(TestRunner.java:505)
at org.testng.SuiteRunner.runTest(SuiteRunner.java:455)
at org.testng.SuiteRunner.runSequentially(SuiteRunner.java:450)
at org.testng.SuiteRunner.privateRun(SuiteRunner.java:415)
at org.testng.SuiteRunner.run(SuiteRunner.java:364)
at org.testng.SuiteRunnerWorker.runSuite(SuiteRunnerWorker.java:52)
at org.testng.SuiteRunnerWorker.run(SuiteRunnerWorker.java:84)
at org.testng.TestNG.runSuitesSequentially(TestNG.java:1208)
at org.testng.TestNG.runSuitesLocally(TestNG.java:1137)
at org.testng.TestNG.runSuites(TestNG.java:1049)
at org.testng.TestNG.run(TestNG.java:1017)
at org.apache.maven.surefire.testng.TestNGExecutor.run(TestNGExecutor.java:283)
at org.apache.maven.surefire.testng.TestNGXmlTestSuite.execute(TestNGXmlTestSuite.java:75)
at org.apache.maven.surefire.testng.TestNGProvider.invoke(TestNGProvider.java:120)
at org.apache.maven.surefire.booter.ForkedBooter.invokeProviderInSameClassLoader(ForkedBooter.java:386)
at org.apache.maven.surefire.booter.ForkedBooter.runSuitesInProcess(ForkedBooter.java:323)
at org.apache.maven.surefire.booter.ForkedBooter.main(ForkedBooter.java:143)
]]>
    </failure>
  </testcase> <!-- numericFiltersTest -->
  <testcase name="textFiltersTest" time="27.386" classname="com.ei.test_cases.filter.FiltersOnAlarmRulesPage">
    <failure type="java.lang.AssertionError" message="The following asserts failed:
	expected [true] but found [false],
	expected [true] but found [false],
	imap_client.exe (10232) doesn`t match file.exe (10232) expected [true] but found [false],
	imap_client.exe (10232) doesn`t match file.exe (10232) expected [true] but found [false],
	imap_client.exe (10232) doesn`t match file.exe (10232) expected [true] but found [false],
	imap_client.exe (10232) doesn`t match file.exe (10232) expected [true] but found [false],
	imap_client.exe (10232) doesn`t match file.exe (10232) expected [true] but found [false],
	imap_client.exe (10232) doesn`t match file.exe (10232) expected [true] but found [false],
	imap_client.exe (10232) doesn`t match file.exe (10232) expected [true] but found [false],
	imap_client.exe (10232) doesn`t match file.exe (10232) expected [true] but found [false],
	imap_client.exe (10232) doesn`t match file.exe (10232) expected [true] but found [false],
	imap_client.exe (10232) doesn`t match registry.exe (10232) expected [true] but found [false],
	imap_client.exe (10232) doesn`t match registry.exe (10232) expected [true] but found [false],
	imap_client.exe (10232) doesn`t match file.exe (10232) expected [true] but found [false],
	imap_client.exe (10232) doesn`t match file.exe (10232) expected [true] but found [false],
	imap_client.exe (10232) doesn`t match file.exe (10232) expected [true] but found [false],
	imap_client.exe (10232) doesn`t match file.exe (10232) expected [true] but found [false],
	imap_client.exe (10232) doesn`t match registry.exe (10232) expected [true] but found [false],
	imap_client.exe (10232) doesn`t match registry.exe (10232) expected [true] but found [false],
	imap_client.exe (10232) doesn`t match file.exe (10232) expected [true] but found [false],
	imap_client.exe (10232) doesn`t match file.exe (10232) expected [true] but found [false],
	imap_client.exe (10232) doesn`t match file.exe (10232) expected [true] but found [false],
	imap_client.exe (10232) doesn`t match file.exe (10232) expected [true] but found [false],
	imap_client.exe (10232) doesn`t match file.exe (10232) expected [true] but found [false],
	imap_client.exe (10232) doesn`t match file.exe (10232) expected [true] but found [false],
	imap_client.exe (10232) doesn`t match registry.exe (10232) expected [true] but found [false],
	imap_client.exe (10232) doesn`t match registry.exe (10232) expected [true] but found [false],
	imap_client.exe (10232) doesn`t match registry.exe (10232) expected [true] but found [false],
	PROCESS_NAME set to imap_client.exe (1944). 0 records returned, had to be at least 1 record expected [true] but found [false],
	PARENT_PROCESS_NAME set to Unknown. 0 records returned, had to be at least 1 record expected [true] but found [false],
	COMMAND_LINE set to files\http_request.exe http://allnod.com. 0 records returned, had to be at least 1 record expected [true] but found [false],
	USERNAME set to wserv2016ei\administrator. 0 records returned, had to be at least 1 record expected [true] but found [false],
	FULL_NAME set to Unknown. 0 records returned, had to be at least 1 record expected [true] but found [false],
	JOB_POSITION set to Unknown. 0 records returned, had to be at least 1 record expected [true] but found [false],
	USER_DEPARTMENT set to Unknown. 0 records returned, had to be at least 1 record expected [true] but found [false],
	RULE_NAME set to Certutil with -urlcache parameter executed [A0425]. 0 records returned, had to be at least 1 record expected [true] but found [false],
	LAST_CHANGE_BY set to Unknown. 0 records returned, had to be at least 1 record expected [true] but found [false]">
      <![CDATA[java.lang.AssertionError: The following asserts failed:
expected [true] but found [false],
expected [true] but found [false],
imap_client.exe (10232) doesn`t match file.exe (10232) expected [true] but found [false],
imap_client.exe (10232) doesn`t match file.exe (10232) expected [true] but found [false],
imap_client.exe (10232) doesn`t match file.exe (10232) expected [true] but found [false],
imap_client.exe (10232) doesn`t match file.exe (10232) expected [true] but found [false],
imap_client.exe (10232) doesn`t match file.exe (10232) expected [true] but found [false],
imap_client.exe (10232) doesn`t match file.exe (10232) expected [true] but found [false],
imap_client.exe (10232) doesn`t match file.exe (10232) expected [true] but found [false],
imap_client.exe (10232) doesn`t match file.exe (10232) expected [true] but found [false],
imap_client.exe (10232) doesn`t match file.exe (10232) expected [true] but found [false],
imap_client.exe (10232) doesn`t match registry.exe (10232) expected [true] but found [false],
imap_client.exe (10232) doesn`t match registry.exe (10232) expected [true] but found [false],
imap_client.exe (10232) doesn`t match file.exe (10232) expected [true] but found [false],
imap_client.exe (10232) doesn`t match file.exe (10232) expected [true] but found [false],
imap_client.exe (10232) doesn`t match file.exe (10232) expected [true] but found [false],
imap_client.exe (10232) doesn`t match file.exe (10232) expected [true] but found [false],
imap_client.exe (10232) doesn`t match registry.exe (10232) expected [true] but found [false],
imap_client.exe (10232) doesn`t match registry.exe (10232) expected [true] but found [false],
imap_client.exe (10232) doesn`t match file.exe (10232) expected [true] but found [false],
imap_client.exe (10232) doesn`t match file.exe (10232) expected [true] but found [false],
imap_client.exe (10232) doesn`t match file.exe (10232) expected [true] but found [false],
imap_client.exe (10232) doesn`t match file.exe (10232) expected [true] but found [false],
imap_client.exe (10232) doesn`t match file.exe (10232) expected [true] but found [false],
imap_client.exe (10232) doesn`t match file.exe (10232) expected [true] but found [false],
imap_client.exe (10232) doesn`t match registry.exe (10232) expected [true] but found [false],
imap_client.exe (10232) doesn`t match registry.exe (10232) expected [true] but found [false],
imap_client.exe (10232) doesn`t match registry.exe (10232) expected [true] but found [false],
PROCESS_NAME set to imap_client.exe (1944). 0 records returned, had to be at least 1 record expected [true] but found [false],
PARENT_PROCESS_NAME set to Unknown. 0 records returned, had to be at least 1 record expected [true] but found [false],
COMMAND_LINE set to files\http_request.exe http://allnod.com. 0 records returned, had to be at least 1 record expected [true] but found [false],
USERNAME set to wserv2016ei\administrator. 0 records returned, had to be at least 1 record expected [true] but found [false],
FULL_NAME set to Unknown. 0 records returned, had to be at least 1 record expected [true] but found [false],
JOB_POSITION set to Unknown. 0 records returned, had to be at least 1 record expected [true] but found [false],
USER_DEPARTMENT set to Unknown. 0 records returned, had to be at least 1 record expected [true] but found [false],
RULE_NAME set to Certutil with -urlcache parameter executed [A0425]. 0 records returned, had to be at least 1 record expected [true] but found [false],
LAST_CHANGE_BY set to Unknown. 0 records returned, had to be at least 1 record expected [true] but found [false]
at com.ei.util.EISoftAssert.assertAll(EISoftAssert.java:52)
at com.ei.test_cases.filter.FiltersOnAlarmRulesPage.textFiltersTest(FiltersOnAlarmRulesPage.java:38)
at sun.reflect.NativeMethodAccessorImpl.invoke0(Native Method)
at sun.reflect.NativeMethodAccessorImpl.invoke(NativeMethodAccessorImpl.java:62)
at sun.reflect.DelegatingMethodAccessorImpl.invoke(DelegatingMethodAccessorImpl.java:43)
at java.lang.reflect.Method.invoke(Method.java:498)
at org.testng.internal.MethodInvocationHelper.invokeMethod(MethodInvocationHelper.java:124)
at org.testng.internal.Invoker.invokeMethod(Invoker.java:583)
at org.testng.internal.Invoker.invokeTestMethod(Invoker.java:719)
at org.testng.internal.Invoker.invokeTestMethods(Invoker.java:989)
at org.testng.internal.TestMethodWorker.invokeTestMethods(TestMethodWorker.java:125)
at org.testng.internal.TestMethodWorker.run(TestMethodWorker.java:109)
at org.testng.TestRunner.privateRun(TestRunner.java:648)
at org.testng.TestRunner.run(TestRunner.java:505)
at org.testng.SuiteRunner.runTest(SuiteRunner.java:455)
at org.testng.SuiteRunner.runSequentially(SuiteRunner.java:450)
at org.testng.SuiteRunner.privateRun(SuiteRunner.java:415)
at org.testng.SuiteRunner.run(SuiteRunner.java:364)
at org.testng.SuiteRunnerWorker.runSuite(SuiteRunnerWorker.java:52)
at org.testng.SuiteRunnerWorker.run(SuiteRunnerWorker.java:84)
at org.testng.TestNG.runSuitesSequentially(TestNG.java:1208)
at org.testng.TestNG.runSuitesLocally(TestNG.java:1137)
at org.testng.TestNG.runSuites(TestNG.java:1049)
at org.testng.TestNG.run(TestNG.java:1017)
at org.apache.maven.surefire.testng.TestNGExecutor.run(TestNGExecutor.java:283)
at org.apache.maven.surefire.testng.TestNGXmlTestSuite.execute(TestNGXmlTestSuite.java:75)
at org.apache.maven.surefire.testng.TestNGProvider.invoke(TestNGProvider.java:120)
at org.apache.maven.surefire.booter.ForkedBooter.invokeProviderInSameClassLoader(ForkedBooter.java:386)
at org.apache.maven.surefire.booter.ForkedBooter.runSuitesInProcess(ForkedBooter.java:323)
at org.apache.maven.surefire.booter.ForkedBooter.main(ForkedBooter.java:143)
]]>
    </failure>
  </testcase> <!-- textFiltersTest -->
</testsuite> <!-- com.ei.test_cases.filter.FiltersOnAlarmRulesPage -->
