<?xml version="1.0" encoding="UTF-8"?>
<!-- Generated by org.testng.reporters.JUnitReportReporter -->
<testsuite skipped="0" hostname="ws-lv-cp1904" name="com.ei.test_cases.sorting.SortingOnAdminRulesPage" tests="2" failures="0" timestamp="04 жовт. 2019 14:27:52 GMT" time="36.023" errors="0">
  <testcase name="navigationToAdminRulesPageTest" time="4.047" classname="com.ei.test_cases.sorting.SortingOnAdminRulesPage"/>
  <testcase name="sortingTextColumnsTest" time="31.976" classname="com.ei.test_cases.sorting.SortingOnAdminRulesPage"/>
</testsuite> <!-- com.ei.test_cases.sorting.SortingOnAdminRulesPage -->
