<?xml version="1.0" encoding="UTF-8"?>
<!-- Generated by org.testng.reporters.JUnitReportReporter -->
<testsuite skipped="2" hostname="ws-lv-cp1904" name="com.ei.test_cases.login.LoginTest" tests="4" failures="0" timestamp="04 жовт. 2019 14:27:52 GMT" time="4.296" errors="0">
  <testcase name="loginAsInvalidNativeUserTest" time="2.021" classname="com.ei.test_cases.login.LoginTest"/>
  <testcase name="loginAsValidNativeUserTest" time="2.275" classname="com.ei.test_cases.login.LoginTest"/>
  <testcase name="loginAsValidDomainUserTest" classname="com.ei.test_cases.login.LoginTest">
    <skipped/>
  </testcase> <!-- loginAsValidDomainUserTest -->
  <testcase name="loginAsInvalidDomainUserTest" classname="com.ei.test_cases.login.LoginTest">
    <skipped/>
  </testcase> <!-- loginAsInvalidDomainUserTest -->
</testsuite> <!-- com.ei.test_cases.login.LoginTest -->
